Release 9.2i - xst J.36
Copyright (c) 1995-2007 Xilinx, Inc.  All rights reserved.
--> Parameter TMPDIR set to ./xst/projnav.tmp
CPU : 0.00 / 0.56 s | Elapsed : 0.00 / 1.00 s
 
--> Parameter xsthdpdir set to ./xst
CPU : 0.00 / 0.56 s | Elapsed : 0.00 / 1.00 s
 
--> Reading design: adder_32bits.prj

TABLE OF CONTENTS
  1) Synthesis Options Summary
  2) HDL Compilation
  3) Design Hierarchy Analysis
  4) HDL Analysis
  5) HDL Synthesis
     5.1) HDL Synthesis Report
  6) Advanced HDL Synthesis
     6.1) Advanced HDL Synthesis Report
  7) Low Level Synthesis
  8) Partition Report
  9) Final Report
     9.1) Device utilization summary
     9.2) Partition Resource Summary
     9.3) TIMING REPORT


=========================================================================
*                      Synthesis Options Summary                        *
=========================================================================
---- Source Parameters
Input File Name                    : "adder_32bits.prj"
Input Format                       : mixed
Ignore Synthesis Constraint File   : NO

---- Target Parameters
Output File Name                   : "adder_32bits"
Output Format                      : NGC
Target Device                      : xc2vp30-7-ff896

---- Source Options
Top Module Name                    : adder_32bits
Automatic FSM Extraction           : YES
FSM Encoding Algorithm             : Auto
Safe Implementation                : No
FSM Style                          : lut
RAM Extraction                     : Yes
RAM Style                          : Auto
ROM Extraction                     : Yes
Mux Style                          : Auto
Decoder Extraction                 : YES
Priority Encoder Extraction        : YES
Shift Register Extraction          : YES
Logical Shifter Extraction         : YES
XOR Collapsing                     : YES
ROM Style                          : Auto
Mux Extraction                     : YES
Resource Sharing                   : YES
Asynchronous To Synchronous        : NO
Multiplier Style                   : auto
Automatic Register Balancing       : No

---- Target Options
Add IO Buffers                     : YES
Global Maximum Fanout              : 500
Add Generic Clock Buffer(BUFG)     : 16
Register Duplication               : YES
Slice Packing                      : YES
Optimize Instantiated Primitives   : NO
Convert Tristates To Logic         : Yes
Use Clock Enable                   : Yes
Use Synchronous Set                : Yes
Use Synchronous Reset              : Yes
Pack IO Registers into IOBs        : auto
Equivalent register Removal        : YES

---- General Options
Optimization Goal                  : Speed
Optimization Effort                : 1
Library Search Order               : adder_32bits.lso
Keep Hierarchy                     : NO
RTL Output                         : Yes
Global Optimization                : AllClockNets
Read Cores                         : YES
Write Timing Constraints           : NO
Cross Clock Analysis               : NO
Hierarchy Separator                : /
Bus Delimiter                      : <>
Case Specifier                     : maintain
Slice Utilization Ratio            : 100
BRAM Utilization Ratio             : 100
Verilog 2001                       : YES
Auto BRAM Packing                  : NO
Slice Utilization Ratio Delta      : 5

=========================================================================


=========================================================================
*                          HDL Compilation                              *
=========================================================================
Compiling verilog file "../../src/mux_2_to_1.v" in library work
Compiling verilog file "../../src/adder_4bits.v" in library work
Module <mux_2_to_1> compiled
Compiling verilog file "../../src/adder_32bits.v" in library work
Module <adder_4bits> compiled
Module <adder_32bits> compiled
No errors in compilation
Analysis of file <"adder_32bits.prj"> succeeded.
 

=========================================================================
*                     Design Hierarchy Analysis                         *
=========================================================================
Analyzing hierarchy for module <adder_32bits> in library <work>.

Analyzing hierarchy for module <adder_4bits> in library <work>.

Analyzing hierarchy for module <mux_2_to_1> in library <work> with parameters.
	N = "00000000000000000000000000000100"


=========================================================================
*                            HDL Analysis                               *
=========================================================================
Analyzing top module <adder_32bits>.
Module <adder_32bits> is correct for synthesis.
 
Analyzing module <adder_4bits> in library <work>.
Module <adder_4bits> is correct for synthesis.
 
Analyzing module <mux_2_to_1> in library <work>.
	N = 32'sb00000000000000000000000000000100
Module <mux_2_to_1> is correct for synthesis.
 

=========================================================================
*                           HDL Synthesis                               *
=========================================================================

Performing bidirectional port resolution...

Synthesizing Unit <adder_4bits>.
    Related source file is "../../src/adder_4bits.v".
    Found 4-bit xor2 for signal <s>.
Unit <adder_4bits> synthesized.


Synthesizing Unit <mux_2_to_1>.
    Related source file is "../../src/mux_2_to_1.v".
Unit <mux_2_to_1> synthesized.


Synthesizing Unit <adder_32bits>.
    Related source file is "../../src/adder_32bits.v".
Unit <adder_32bits> synthesized.


=========================================================================
HDL Synthesis Report

Macro Statistics
# Xors                                                 : 15
 4-bit xor2                                            : 15

=========================================================================

=========================================================================
*                       Advanced HDL Synthesis                          *
=========================================================================

Loading device for application Rf_Device from file '2vp30.nph' in environment C:\Xilinx92i.

=========================================================================
Advanced HDL Synthesis Report

Macro Statistics
# Xors                                                 : 15
 4-bit xor2                                            : 15

=========================================================================

=========================================================================
*                         Low Level Synthesis                           *
=========================================================================

Optimizing unit <adder_32bits> ...

Mapping all equations...
Building and optimizing final netlist ...
Found area constraint ratio of 100 (+ 5) on block adder_32bits, actual ratio is 0.

Final Macro Processing ...

=========================================================================
Final Register Report

Found no macro
=========================================================================

=========================================================================
*                          Partition Report                             *
=========================================================================

Partition Implementation Status
-------------------------------

  No Partitions were found in this design.

-------------------------------

=========================================================================
*                            Final Report                               *
=========================================================================
Final Results
RTL Top Level Output File Name     : adder_32bits.ngr
Top Level Output File Name         : adder_32bits
Output Format                      : NGC
Optimization Goal                  : Speed
Keep Hierarchy                     : NO

Design Statistics
# IOs                              : 98

Cell Usage :
# BELS                             : 106
#      LUT3                        : 36
#      LUT4                        : 56
#      MUXF5                       : 14
# IO Buffers                       : 98
#      IBUF                        : 65
#      OBUF                        : 33
=========================================================================

Device utilization summary:
---------------------------

Selected Device : 2vp30ff896-7 

 Number of Slices:                      51  out of  13696     0%  
 Number of 4 input LUTs:                92  out of  27392     0%  
 Number of IOs:                         98
 Number of bonded IOBs:                 98  out of    556    17%  

---------------------------
Partition Resource Summary:
---------------------------

  No Partitions were found in this design.

---------------------------


=========================================================================
TIMING REPORT

NOTE: THESE TIMING NUMBERS ARE ONLY A SYNTHESIS ESTIMATE.
      FOR ACCURATE TIMING INFORMATION PLEASE REFER TO THE TRACE REPORT
      GENERATED AFTER PLACE-and-ROUTE.

Clock Information:
------------------
No clock signals found in this design

Asynchronous Control Signals Information:
----------------------------------------
No asynchronous control signals found in this design

Timing Summary:
---------------
Speed Grade: -7

   Minimum period: No path found
   Minimum input arrival time before clock: No path found
   Maximum output required time after clock: No path found
   Maximum combinational path delay: 22.231ns

Timing Detail:
--------------
All values displayed in nanoseconds (ns)

=========================================================================
Timing constraint: Default path analysis
  Total number of paths / destination ports: 1797 / 33
-------------------------------------------------------------------------
Delay:               22.231ns (Levels of Logic = 27)
  Source:            b<0> (PAD)
  Destination:       co (PAD)

  Data Path: b<0> to co
                                Gate     Net
    Cell:in->out      fanout   Delay   Delay  Logical Name (Net Name)
    ----------------------------------------  ------------
     IBUF:I->O             2   0.878   0.514  b_0_IBUF (b_0_IBUF)
     LUT3:I0->O            2   0.275   0.514  adder_0/C<0>1 (adder_0/C<0>)
     LUT3:I0->O            2   0.275   0.514  adder_0/C<1>1 (adder_0/C<1>)
     LUT3:I0->O            2   0.275   0.514  adder_0/C<2>1 (adder_0/C<2>)
     LUT3:I0->O            4   0.275   0.451  adder_0/C<3>1 (co_0)
     LUT4:I3->O            1   0.275   0.430  mux_1/out<3>160 (mux_1/out<3>1_map26)
     LUT4:I1->O            2   0.275   0.476  mux_1/out<3>187 (N585)
     LUT3:I1->O            4   0.275   0.451  co_11 (co_1)
     LUT4:I3->O            1   0.275   0.429  mux_2/out<3>160 (mux_2/out<3>1_map26)
     LUT4:I1->O            2   0.275   0.476  mux_2/out<3>187 (N519)
     LUT3:I1->O            4   0.275   0.451  co_21 (co_2)
     LUT4:I3->O            1   0.275   0.429  mux_3/out<3>160 (mux_3/out<3>1_map26)
     LUT4:I1->O            2   0.275   0.476  mux_3/out<3>187 (N453)
     LUT3:I1->O            4   0.275   0.451  co_31 (co_3)
     LUT4:I3->O            1   0.275   0.429  mux_4/out<3>160 (mux_4/out<3>1_map26)
     LUT4:I1->O            2   0.275   0.476  mux_4/out<3>187 (N387)
     LUT3:I1->O            4   0.275   0.451  co_41 (co_4)
     LUT4:I3->O            1   0.275   0.429  mux_5/out<3>160 (mux_5/out<3>1_map26)
     LUT4:I1->O            2   0.275   0.476  mux_5/out<3>187 (N321)
     LUT3:I1->O            4   0.275   0.451  co_51 (co_5)
     LUT4:I3->O            1   0.275   0.430  mux_6/out<3>160 (mux_6/out<3>1_map26)
     LUT4:I1->O            2   0.275   0.476  mux_6/out<3>187 (N255)
     LUT3:I1->O            4   0.275   0.451  co_61 (co_6)
     LUT4:I3->O            1   0.275   0.429  mux_7/out<3>160 (mux_7/out<3>1_map26)
     LUT4:I1->O            2   0.275   0.476  mux_7/out<3>187 (N189)
     LUT3:I1->O            1   0.275   0.332  co1 (co_OBUF)
     OBUF:I->O                 2.592          co_OBUF (co)
    ----------------------------------------
    Total                     22.231ns (10.345ns logic, 11.886ns route)
                                       (46.5% logic, 53.5% route)

=========================================================================
CPU : 8.44 / 9.03 s | Elapsed : 8.00 / 9.00 s
 
--> 

Total memory usage is 200472 kilobytes

Number of errors   :    0 (   0 filtered)
Number of warnings :    0 (   0 filtered)
Number of infos    :    0 (   0 filtered)

